<?xml version="1.0" encoding="UTF-8"?>
<!-- Generated by org.testng.reporters.JUnitReportReporter -->
<testsuite hostname="ASIF" failures="0" tests="1" name="com.testng.listners.VerifyTitle_Ebay_Listeners_Ex" time="50.490" errors="0" timestamp="2024-10-19T10:19:55 IST" skipped="0">
  <testcase classname="com.testng.listners.VerifyTitle_Ebay_Listeners_Ex" name="titleTest" time="50.490"/>
  <system-out/>
</testsuite> <!-- com.testng.listners.VerifyTitle_Ebay_Listeners_Ex -->
