<?xml version="1.0" encoding="UTF-8"?>
<!-- Generated by org.testng.reporters.JUnitReportReporter -->
<testsuite hostname="ASIF" failures="0" tests="2" name="com.practice.testng.BfAfTest_BfAfMethod_TestNG_Ex" time="0.009" errors="0" timestamp="2024-10-17T19:22:50 IST" skipped="0">
  <testcase classname="com.practice.testng.BfAfTest_BfAfMethod_TestNG_Ex" name="method1" time="0.008"/>
  <system-out/>
  <testcase classname="com.practice.testng.BfAfTest_BfAfMethod_TestNG_Ex" name="method2" time="0.001"/>
  <system-out/>
</testsuite> <!-- com.practice.testng.BfAfTest_BfAfMethod_TestNG_Ex -->
