<?xml version="1.0" encoding="UTF-8"?>
<!-- Generated by org.testng.reporters.JUnitReportReporter -->
<testsuite hostname="ASIF" failures="0" tests="2" name="com.practice.testng.GroupTestClasses_TestNG_Ex" time="0.011" errors="0" timestamp="2024-10-16T19:36:27 IST" skipped="0">
  <testcase classname="com.practice.testng.GroupTestClasses_TestNG_Ex" name="bTest11" time="0.010"/>
  <system-out/>
  <testcase classname="com.practice.testng.GroupTestClasses_TestNG_Ex" name="aTest22" time="0.001"/>
  <system-out/>
</testsuite> <!-- com.practice.testng.GroupTestClasses_TestNG_Ex -->
