<?xml version="1.0" encoding="UTF-8"?>
<!-- Generated by org.testng.reporters.JUnitReportReporter -->
<testsuite hostname="ASIF" failures="0" tests="4" name="com.testng.dataprovider.DataProvider_Testng_Ex" time="149.498" errors="0" timestamp="2024-10-18T18:01:21 IST" skipped="0">
  <testcase classname="com.testng.dataprovider.DataProvider_Testng_Ex" name="test1" time="85.693"/>
  <system-out/>
  <testcase classname="com.testng.dataprovider.DataProvider_Testng_Ex" name="test1" time="56.375"/>
  <system-out/>
  <testcase classname="com.testng.dataprovider.DataProvider_Testng_Ex" name="test1" time="5.587"/>
  <system-out/>
  <testcase classname="com.testng.dataprovider.DataProvider_Testng_Ex" name="test1" time="1.843"/>
  <system-out/>
</testsuite> <!-- com.testng.dataprovider.DataProvider_Testng_Ex -->
