<?xml version="1.0" encoding="UTF-8"?>
<!-- Generated by org.testng.reporters.JUnitReportReporter -->
<testsuite hostname="ASIF" failures="0" tests="2" name="com.practice.testng.GroupTestCases_TestNG_Ex" time="0.004" errors="0" timestamp="2024-10-16T19:36:27 IST" skipped="0">
  <testcase classname="com.practice.testng.GroupTestCases_TestNG_Ex" name="bTest1" time="0.002"/>
  <system-out/>
  <testcase classname="com.practice.testng.GroupTestCases_TestNG_Ex" name="aTest2" time="0.002"/>
  <system-out/>
</testsuite> <!-- com.practice.testng.GroupTestCases_TestNG_Ex -->
