<?xml version="1.0" encoding="UTF-8"?>
<!-- Generated by org.testng.reporters.JUnitReportReporter -->
<testsuite hostname="ASIF" failures="0" tests="1" name="com.practice.testng.VerifyTitle_Ebay_Ex" time="10.809" errors="0" timestamp="2024-10-16T19:31:27 IST" skipped="0">
  <testcase classname="com.practice.testng.VerifyTitle_Ebay_Ex" name="titleTest" time="10.809"/>
  <system-out/>
</testsuite> <!-- com.practice.testng.VerifyTitle_Ebay_Ex -->
