<?xml version="1.0" encoding="UTF-8"?>
<!-- Generated by org.testng.reporters.JUnitReportReporter -->
<testsuite hostname="ASIF" failures="0" tests="3" name="com.practice.testng.SkipTests_Demo_Ex" time="0.009" errors="0" timestamp="2024-10-17T19:12:12 IST" skipped="2">
  <testcase classname="com.practice.testng.SkipTests_Demo_Ex" name="skipTest3" time="0.002"/>
  <system-out/>
  <testcase classname="com.practice.testng.SkipTests_Demo_Ex" name="skipTest2" time="0.007">
    <skipped/>
  </testcase> <!-- skipTest2 -->
  <system-out/>
  <testcase classname="com.practice.testng.SkipTests_Demo_Ex" name="skipTest1">
    <skipped/>
  </testcase> <!-- skipTest1 -->
  <system-out/>
</testsuite> <!-- com.practice.testng.SkipTests_Demo_Ex -->
