<?xml version="1.0" encoding="UTF-8"?>
<!-- Generated by org.testng.reporters.JUnitReportReporter -->
<testsuite hostname="ASIF" failures="0" tests="4" name="com.testng.dataprovider.Data_from_DataProvider_AllData_Ex" time="0.009" errors="0" timestamp="2024-10-18T18:32:12 IST" skipped="0">
  <testcase classname="com.testng.dataprovider.Data_from_DataProvider_AllData_Ex" name="test2" time="0.002"/>
  <system-out/>
  <testcase classname="com.testng.dataprovider.Data_from_DataProvider_AllData_Ex" name="test1" time="0.005"/>
  <system-out/>
  <testcase classname="com.testng.dataprovider.Data_from_DataProvider_AllData_Ex" name="test2" time="0.001"/>
  <system-out/>
  <testcase classname="com.testng.dataprovider.Data_from_DataProvider_AllData_Ex" name="test1" time="0.001"/>
  <system-out/>
</testsuite> <!-- com.testng.dataprovider.Data_from_DataProvider_AllData_Ex -->
