<?xml version="1.0" encoding="UTF-8"?>
<!-- Generated by org.testng.reporters.JUnitReportReporter -->
<testsuite hostname="ASIF" failures="0" tests="1" name="com.practice.testng.SoftAssert_Title_Text_Ebay_Ex" time="37.840" errors="0" timestamp="2024-10-16T19:31:27 IST" skipped="0">
  <testcase classname="com.practice.testng.SoftAssert_Title_Text_Ebay_Ex" name="title_text_Test" time="37.840"/>
  <system-out/>
</testsuite> <!-- com.practice.testng.SoftAssert_Title_Text_Ebay_Ex -->
