<?xml version="1.0" encoding="UTF-8"?>
<!-- Generated by org.testng.reporters.JUnitReportReporter -->
<testsuite hostname="ASIF" failures="0" tests="2" name="com.practice.testng.Login_CommonDataSetup_Extends_Ex" time="0.006" errors="0" timestamp="2024-10-17T19:50:33 IST" skipped="0">
  <testcase classname="com.practice.testng.Login_CommonDataSetup_Extends_Ex" name="bloginTest" time="0.004"/>
  <system-out/>
  <testcase classname="com.practice.testng.Login_CommonDataSetup_Extends_Ex" name="alogoutTest" time="0.002"/>
  <system-out/>
</testsuite> <!-- com.practice.testng.Login_CommonDataSetup_Extends_Ex -->
