<?xml version="1.0" encoding="UTF-8"?>
<!-- Generated by org.testng.reporters.JUnitReportReporter -->
<testsuite hostname="ASIF" failures="0" tests="4" name="com.practice.testng.Reports_TestNG_Ex" time="0.012" errors="0" timestamp="2024-10-19T17:59:44 IST" skipped="0">
  <testcase classname="com.practice.testng.Reports_TestNG_Ex" name="Test3" time="0.001"/>
  <system-out>
    <![CDATA[This is Test 1]]>
  </system-out>
  <testcase classname="com.practice.testng.Reports_TestNG_Ex" name="Test4" time="0.001"/>
  <system-out>
    <![CDATA[This is Test 1]]>
  </system-out>
  <testcase classname="com.practice.testng.Reports_TestNG_Ex" name="Test1" time="0.008"/>
  <system-out>
    <![CDATA[This is Test 1]]>
  </system-out>
  <testcase classname="com.practice.testng.Reports_TestNG_Ex" name="Test2" time="0.002"/>
  <system-out>
    <![CDATA[This is Test 1]]>
  </system-out>
</testsuite> <!-- com.practice.testng.Reports_TestNG_Ex -->
