<?xml version="1.0" encoding="UTF-8"?>
<!-- Generated by org.testng.reporters.JUnitReportReporter -->
<testsuite hostname="ASIF" failures="0" tests="2" name="com.practice.testng.Login_TestNG_Ex" time="0.003" errors="0" timestamp="2024-10-16T19:31:27 IST" skipped="0">
  <testcase classname="com.practice.testng.Login_TestNG_Ex" name="bloginTest" time="0.002"/>
  <system-out/>
  <testcase classname="com.practice.testng.Login_TestNG_Ex" name="alogoutTest" time="0.001"/>
  <system-out/>
</testsuite> <!-- com.practice.testng.Login_TestNG_Ex -->
