<?xml version="1.0" encoding="UTF-8"?>
<!-- Generated by org.testng.reporters.JUnitReportReporter -->
<testsuite hostname="ASIF" failures="0" tests="2" name="com.practice.testng.BfAfClass_BfAfGroups_TestNG_Ex" time="0.007" errors="0" timestamp="2024-11-04T13:25:16 IST" skipped="0">
  <testcase classname="com.practice.testng.BfAfClass_BfAfGroups_TestNG_Ex" name="method2" time="0.001"/>
  <system-out/>
  <testcase classname="com.practice.testng.BfAfClass_BfAfGroups_TestNG_Ex" name="method1" time="0.006"/>
  <system-out/>
</testsuite> <!-- com.practice.testng.BfAfClass_BfAfGroups_TestNG_Ex -->
